(node:9364) Warning: To load an ES module, set "type": "module" in the package.json or use the .mjs extension.
(Use `node --trace-warnings ...` to show where the warning was created)
C:\Users\kiv\Desktop\ilyaRepa\js\VueOUIT\ouit\client\src\main.js:1
import { createApp } from 'vue'
^^^^^^

SyntaxError: Cannot use import statement outside a module
    at internalCompileFunction (node:internal/vm:75:18)
    at wrapSafe (node:internal/modules/cjs/loader:1279:20)
    at Module._compile (node:internal/modules/cjs/loader:1333:27)
    at Module._extensions..js (node:internal/modules/cjs/loader:1427:10)
    at Module.load (node:internal/modules/cjs/loader:1201:32)
    at Module._load (node:internal/modules/cjs/loader:1017:12)
    at Function.executeUserEntryPoint [as runMain] (node:internal/modules/run_main:122:12)
    at node:internal/main/run_main_module:28:49

Node.js v21.0.0
(node:12336) Warning: To load an ES module, set "type": "module" in the package.json or use the .mjs extension.
(Use `node --trace-warnings ...` to show where the warning was created)
C:\Users\kiv\Desktop\ilyaRepa\js\VueOUIT\ouit\client\src\main.js:1
import { createApp } from 'vue'
^^^^^^

SyntaxError: Cannot use import statement outside a module
    at internalCompileFunction (node:internal/vm:75:18)
    at wrapSafe (node:internal/modules/cjs/loader:1279:20)
    at Module._compile (node:internal/modules/cjs/loader:1333:27)
    at Module._extensions..js (node:internal/modules/cjs/loader:1427:10)
    at Module.load (node:internal/modules/cjs/loader:1201:32)
    at Module._load (node:internal/modules/cjs/loader:1017:12)
    at Function.executeUserEntryPoint [as runMain] (node:internal/modules/run_main:122:12)
    at node:internal/main/run_main_module:28:49

Node.js v21.0.0
(node:6928) Warning: To load an ES module, set "type": "module" in the package.json or use the .mjs extension.
(Use `node --trace-warnings ...` to show where the warning was created)
C:\Users\kiv\Desktop\ilyaRepa\js\VueOUIT\ouit\client\src\main.js:1
import { createApp } from 'vue'
^^^^^^

SyntaxError: Cannot use import statement outside a module
    at internalCompileFunction (node:internal/vm:75:18)
    at wrapSafe (node:internal/modules/cjs/loader:1279:20)
    at Module._compile (node:internal/modules/cjs/loader:1333:27)
    at Module._extensions..js (node:internal/modules/cjs/loader:1427:10)
    at Module.load (node:internal/modules/cjs/loader:1201:32)
    at Module._load (node:internal/modules/cjs/loader:1017:12)
    at Function.executeUserEntryPoint [as runMain] (node:internal/modules/run_main:122:12)
    at node:internal/main/run_main_module:28:49

Node.js v21.0.0
(node:12536) Warning: To load an ES module, set "type": "module" in the package.json or use the .mjs extension.
(Use `node --trace-warnings ...` to show where the warning was created)
C:\Users\kiv\Desktop\ilyaRepa\js\VueOUIT\ouit\client\src\main.js:1
import { createApp } from 'vue'
^^^^^^

SyntaxError: Cannot use import statement outside a module
    at internalCompileFunction (node:internal/vm:75:18)
    at wrapSafe (node:internal/modules/cjs/loader:1279:20)
    at Module._compile (node:internal/modules/cjs/loader:1333:27)
    at Module._extensions..js (node:internal/modules/cjs/loader:1427:10)
    at Module.load (node:internal/modules/cjs/loader:1201:32)
    at Module._load (node:internal/modules/cjs/loader:1017:12)
    at Function.executeUserEntryPoint [as runMain] (node:internal/modules/run_main:122:12)
    at node:internal/main/run_main_module:28:49

Node.js v21.0.0
(node:13068) Warning: To load an ES module, set "type": "module" in the package.json or use the .mjs extension.
(Use `node --trace-warnings ...` to show where the warning was created)
C:\Users\kiv\Desktop\ilyaRepa\js\VueOUIT\ouit\client\src\main.js:1
import { createApp } from 'vue'
^^^^^^

SyntaxError: Cannot use import statement outside a module
    at internalCompileFunction (node:internal/vm:75:18)
    at wrapSafe (node:internal/modules/cjs/loader:1279:20)
    at Module._compile (node:internal/modules/cjs/loader:1333:27)
    at Module._extensions..js (node:internal/modules/cjs/loader:1427:10)
    at Module.load (node:internal/modules/cjs/loader:1201:32)
    at Module._load (node:internal/modules/cjs/loader:1017:12)
    at Function.executeUserEntryPoint [as runMain] (node:internal/modules/run_main:122:12)
    at node:internal/main/run_main_module:28:49

Node.js v21.0.0
(node:2740) Warning: To load an ES module, set "type": "module" in the package.json or use the .mjs extension.
(Use `node --trace-warnings ...` to show where the warning was created)
C:\Users\kiv\Desktop\ilyaRepa\js\VueOUIT\ouit\client\src\main.js:1
import { createApp } from 'vue'
^^^^^^

SyntaxError: Cannot use import statement outside a module
    at internalCompileFunction (node:internal/vm:75:18)
    at wrapSafe (node:internal/modules/cjs/loader:1279:20)
    at Module._compile (node:internal/modules/cjs/loader:1333:27)
    at Module._extensions..js (node:internal/modules/cjs/loader:1427:10)
    at Module.load (node:internal/modules/cjs/loader:1201:32)
    at Module._load (node:internal/modules/cjs/loader:1017:12)
    at Function.executeUserEntryPoint [as runMain] (node:internal/modules/run_main:122:12)
    at node:internal/main/run_main_module:28:49

Node.js v21.0.0
(node:13240) Warning: To load an ES module, set "type": "module" in the package.json or use the .mjs extension.
(Use `node --trace-warnings ...` to show where the warning was created)
C:\Users\kiv\Desktop\ilyaRepa\js\VueOUIT\ouit\client\src\main.js:1
import { createApp } from 'vue'
^^^^^^

SyntaxError: Cannot use import statement outside a module
    at internalCompileFunction (node:internal/vm:75:18)
    at wrapSafe (node:internal/modules/cjs/loader:1279:20)
    at Module._compile (node:internal/modules/cjs/loader:1333:27)
    at Module._extensions..js (node:internal/modules/cjs/loader:1427:10)
    at Module.load (node:internal/modules/cjs/loader:1201:32)
    at Module._load (node:internal/modules/cjs/loader:1017:12)
    at Function.executeUserEntryPoint [as runMain] (node:internal/modules/run_main:122:12)
    at node:internal/main/run_main_module:28:49

Node.js v21.0.0
(node:9348) Warning: To load an ES module, set "type": "module" in the package.json or use the .mjs extension.
(Use `node --trace-warnings ...` to show where the warning was created)
C:\Users\kiv\Desktop\ilyaRepa\js\VueOUIT\ouit\client\src\main.js:1
import { createApp } from 'vue'
^^^^^^

SyntaxError: Cannot use import statement outside a module
    at internalCompileFunction (node:internal/vm:75:18)
    at wrapSafe (node:internal/modules/cjs/loader:1279:20)
    at Module._compile (node:internal/modules/cjs/loader:1333:27)
    at Module._extensions..js (node:internal/modules/cjs/loader:1427:10)
    at Module.load (node:internal/modules/cjs/loader:1201:32)
    at Module._load (node:internal/modules/cjs/loader:1017:12)
    at Function.executeUserEntryPoint [as runMain] (node:internal/modules/run_main:122:12)
    at node:internal/main/run_main_module:28:49

Node.js v21.0.0
(node:7328) Warning: To load an ES module, set "type": "module" in the package.json or use the .mjs extension.
(Use `node --trace-warnings ...` to show where the warning was created)
C:\Users\kiv\Desktop\ilyaRepa\js\VueOUIT\ouit\client\src\main.js:1
import { createApp } from 'vue'
^^^^^^

SyntaxError: Cannot use import statement outside a module
    at internalCompileFunction (node:internal/vm:75:18)
    at wrapSafe (node:internal/modules/cjs/loader:1279:20)
    at Module._compile (node:internal/modules/cjs/loader:1333:27)
    at Module._extensions..js (node:internal/modules/cjs/loader:1427:10)
    at Module.load (node:internal/modules/cjs/loader:1201:32)
    at Module._load (node:internal/modules/cjs/loader:1017:12)
    at Function.executeUserEntryPoint [as runMain] (node:internal/modules/run_main:122:12)
    at node:internal/main/run_main_module:28:49

Node.js v21.0.0
(node:1620) Warning: To load an ES module, set "type": "module" in the package.json or use the .mjs extension.
(Use `node --trace-warnings ...` to show where the warning was created)
C:\Users\kiv\Desktop\ilyaRepa\js\VueOUIT\ouit\client\src\main.js:1
import { createApp } from 'vue'
^^^^^^

SyntaxError: Cannot use import statement outside a module
    at internalCompileFunction (node:internal/vm:75:18)
    at wrapSafe (node:internal/modules/cjs/loader:1279:20)
    at Module._compile (node:internal/modules/cjs/loader:1333:27)
    at Module._extensions..js (node:internal/modules/cjs/loader:1427:10)
    at Module.load (node:internal/modules/cjs/loader:1201:32)
    at Module._load (node:internal/modules/cjs/loader:1017:12)
    at Function.executeUserEntryPoint [as runMain] (node:internal/modules/run_main:122:12)
    at node:internal/main/run_main_module:28:49

Node.js v21.0.0
(node:8436) Warning: To load an ES module, set "type": "module" in the package.json or use the .mjs extension.
(Use `node --trace-warnings ...` to show where the warning was created)
C:\Users\kiv\Desktop\ilyaRepa\js\VueOUIT\ouit\client\src\main.js:1
import { createApp } from 'vue'
^^^^^^

SyntaxError: Cannot use import statement outside a module
    at internalCompileFunction (node:internal/vm:75:18)
    at wrapSafe (node:internal/modules/cjs/loader:1279:20)
    at Module._compile (node:internal/modules/cjs/loader:1333:27)
    at Module._extensions..js (node:internal/modules/cjs/loader:1427:10)
    at Module.load (node:internal/modules/cjs/loader:1201:32)
    at Module._load (node:internal/modules/cjs/loader:1017:12)
    at Function.executeUserEntryPoint [as runMain] (node:internal/modules/run_main:122:12)
    at node:internal/main/run_main_module:28:49

Node.js v21.0.0
(node:13192) Warning: To load an ES module, set "type": "module" in the package.json or use the .mjs extension.
(Use `node --trace-warnings ...` to show where the warning was created)
C:\Users\kiv\Desktop\ilyaRepa\js\VueOUIT\ouit\client\src\main.js:1
import { createApp } from 'vue'
^^^^^^

SyntaxError: Cannot use import statement outside a module
    at internalCompileFunction (node:internal/vm:75:18)
    at wrapSafe (node:internal/modules/cjs/loader:1279:20)
    at Module._compile (node:internal/modules/cjs/loader:1333:27)
    at Module._extensions..js (node:internal/modules/cjs/loader:1427:10)
    at Module.load (node:internal/modules/cjs/loader:1201:32)
    at Module._load (node:internal/modules/cjs/loader:1017:12)
    at Function.executeUserEntryPoint [as runMain] (node:internal/modules/run_main:122:12)
    at node:internal/main/run_main_module:28:49

Node.js v21.0.0
(node:6344) Warning: To load an ES module, set "type": "module" in the package.json or use the .mjs extension.
(Use `node --trace-warnings ...` to show where the warning was created)
C:\Users\kiv\Desktop\ilyaRepa\js\VueOUIT\ouit\client\src\main.js:1
import { createApp } from 'vue'
^^^^^^

SyntaxError: Cannot use import statement outside a module
    at internalCompileFunction (node:internal/vm:75:18)
    at wrapSafe (node:internal/modules/cjs/loader:1279:20)
    at Module._compile (node:internal/modules/cjs/loader:1333:27)
    at Module._extensions..js (node:internal/modules/cjs/loader:1427:10)
    at Module.load (node:internal/modules/cjs/loader:1201:32)
    at Module._load (node:internal/modules/cjs/loader:1017:12)
    at Function.executeUserEntryPoint [as runMain] (node:internal/modules/run_main:122:12)
    at node:internal/main/run_main_module:28:49

Node.js v21.0.0
(node:7760) Warning: To load an ES module, set "type": "module" in the package.json or use the .mjs extension.
(Use `node --trace-warnings ...` to show where the warning was created)
C:\Users\kiv\Desktop\ilyaRepa\js\VueOUIT\ouit\client\src\main.js:1
import { createApp } from 'vue'
^^^^^^

SyntaxError: Cannot use import statement outside a module
    at internalCompileFunction (node:internal/vm:75:18)
    at wrapSafe (node:internal/modules/cjs/loader:1279:20)
    at Module._compile (node:internal/modules/cjs/loader:1333:27)
    at Module._extensions..js (node:internal/modules/cjs/loader:1427:10)
    at Module.load (node:internal/modules/cjs/loader:1201:32)
    at Module._load (node:internal/modules/cjs/loader:1017:12)
    at Function.executeUserEntryPoint [as runMain] (node:internal/modules/run_main:122:12)
    at node:internal/main/run_main_module:28:49

Node.js v21.0.0
(node:3188) Warning: To load an ES module, set "type": "module" in the package.json or use the .mjs extension.
(Use `node --trace-warnings ...` to show where the warning was created)
C:\Users\kiv\Desktop\ilyaRepa\js\VueOUIT\ouit\client\src\main.js:1
import { createApp } from 'vue'
^^^^^^

SyntaxError: Cannot use import statement outside a module
    at internalCompileFunction (node:internal/vm:75:18)
    at wrapSafe (node:internal/modules/cjs/loader:1279:20)
    at Module._compile (node:internal/modules/cjs/loader:1333:27)
    at Module._extensions..js (node:internal/modules/cjs/loader:1427:10)
    at Module.load (node:internal/modules/cjs/loader:1201:32)
    at Module._load (node:internal/modules/cjs/loader:1017:12)
    at Function.executeUserEntryPoint [as runMain] (node:internal/modules/run_main:122:12)
    at node:internal/main/run_main_module:28:49

Node.js v21.0.0
(node:13244) Warning: To load an ES module, set "type": "module" in the package.json or use the .mjs extension.
(Use `node --trace-warnings ...` to show where the warning was created)
C:\Users\kiv\Desktop\ilyaRepa\js\VueOUIT\ouit\client\src\main.js:1
import { createApp } from 'vue'
^^^^^^

SyntaxError: Cannot use import statement outside a module
    at internalCompileFunction (node:internal/vm:75:18)
    at wrapSafe (node:internal/modules/cjs/loader:1279:20)
    at Module._compile (node:internal/modules/cjs/loader:1333:27)
    at Module._extensions..js (node:internal/modules/cjs/loader:1427:10)
    at Module.load (node:internal/modules/cjs/loader:1201:32)
    at Module._load (node:internal/modules/cjs/loader:1017:12)
    at Function.executeUserEntryPoint [as runMain] (node:internal/modules/run_main:122:12)
    at node:internal/main/run_main_module:28:49

Node.js v21.0.0
(node:12816) Warning: To load an ES module, set "type": "module" in the package.json or use the .mjs extension.
(Use `node --trace-warnings ...` to show where the warning was created)
C:\Users\kiv\Desktop\ilyaRepa\js\VueOUIT\ouit\client\src\main.js:1
import { createApp } from 'vue'
^^^^^^

SyntaxError: Cannot use import statement outside a module
    at internalCompileFunction (node:internal/vm:75:18)
    at wrapSafe (node:internal/modules/cjs/loader:1279:20)
    at Module._compile (node:internal/modules/cjs/loader:1333:27)
    at Module._extensions..js (node:internal/modules/cjs/loader:1427:10)
    at Module.load (node:internal/modules/cjs/loader:1201:32)
    at Module._load (node:internal/modules/cjs/loader:1017:12)
    at Function.executeUserEntryPoint [as runMain] (node:internal/modules/run_main:122:12)
    at node:internal/main/run_main_module:28:49

Node.js v21.0.0
(node:4524) Warning: To load an ES module, set "type": "module" in the package.json or use the .mjs extension.
(Use `node --trace-warnings ...` to show where the warning was created)
C:\Users\kiv\Desktop\ilyaRepa\js\VueOUIT\ouit\client\src\main.js:1
import { createApp } from 'vue'
^^^^^^

SyntaxError: Cannot use import statement outside a module
    at internalCompileFunction (node:internal/vm:75:18)
    at wrapSafe (node:internal/modules/cjs/loader:1279:20)
    at Module._compile (node:internal/modules/cjs/loader:1333:27)
    at Module._extensions..js (node:internal/modules/cjs/loader:1427:10)
    at Module.load (node:internal/modules/cjs/loader:1201:32)
    at Module._load (node:internal/modules/cjs/loader:1017:12)
    at Function.executeUserEntryPoint [as runMain] (node:internal/modules/run_main:122:12)
    at node:internal/main/run_main_module:28:49

Node.js v21.0.0
